d:\projectscsharp\lab1\lab1\x64\debug\vc141.pdb
d:\projectscsharp\lab1\lab1\x64\debug\vc141.idb
d:\projectscsharp\lab1\lab1\x64\debug\gpu_reduce.obj
x64\debug\kernel.cu.obj
d:\projectscsharp\lab1\x64\debug\lab1.lib
d:\projectscsharp\lab1\x64\debug\lab1.exp
d:\projectscsharp\lab1\x64\debug\lab1.exe
d:\projectscsharp\lab1\x64\debug\lab1.ilk
d:\projectscsharp\lab1\x64\debug\lab1.pdb
d:\projectscsharp\lab1\lab1\x64\debug\kernel.cu.cache
d:\projectscsharp\lab1\lab1\x64\debug\kernel.cu.obj
d:\projectscsharp\lab1\lab1\x64\debug\lab1.tlog\cl.command.1.tlog
d:\projectscsharp\lab1\lab1\x64\debug\lab1.tlog\cl.read.1.tlog
d:\projectscsharp\lab1\lab1\x64\debug\lab1.tlog\cl.write.1.tlog
d:\projectscsharp\lab1\lab1\x64\debug\lab1.tlog\cudacompile.read.1u.tlog
d:\projectscsharp\lab1\lab1\x64\debug\lab1.tlog\cudacompile.write.1u.tlog
d:\projectscsharp\lab1\lab1\x64\debug\lab1.tlog\lab1.write.1u.tlog
d:\projectscsharp\lab1\lab1\x64\debug\lab1.tlog\link.command.1.tlog
d:\projectscsharp\lab1\lab1\x64\debug\lab1.tlog\link.read.1.tlog
d:\projectscsharp\lab1\lab1\x64\debug\lab1.tlog\link.write.1.tlog
